[16692:17788:0901/124431.501:INFO:components\enterprise\browser\controller\chrome_browser_cloud_management_controller.cc:202] No machine level policy manager exists.
[18696:9624:0901/124432.833:WARNING:ui\gl\angle_platform_impl.cc:52] HLSLCompiler.cpp:250 (rx::HLSLCompiler::compileToBinary): 
C:\fakepath(150,3-70): warning X3557: loop only executes for 1 iteration(s), forcing loop to unroll

[16692:5336:0901/124439.142:ERROR:google_apis\gcm\engine\registration_request.cc:291] Registration response error message: DEPRECATED_ENDPOINT
[16692:17788:0901/124439.243:INFO:CONSOLE:0] "Clear-Site-Data header on 'https://www.linkedin.com/': Cleared data types: "storage".", source: https://www.google.com/ (0)
[9152:13460:0901/124439.743:INFO:third_party\blink\renderer\modules\peerconnection\peer_connection_dependency_factory.cc:802] Running WebRTC with a combined Network and Worker thread.
[16692:17788:0901/124441.017:INFO:CONSOLE:169] "[GSI_LOGGER]: Your client application may not display the Google One Tap in its default position. When FedCM becomes mandatory, One Tap only displays in the default position. Refer to the migration guide to update your code accordingly and opt-in to FedCM to test your changes. Learn more: https://developers.google.com/identity/gsi/web/guides/fedcm-migration?s=dc#layout", source: https://static.licdn.com/aero-v1/sc/h/29rdkxlvag0d3cpj96fiilbju (169)
[16692:17788:0901/124441.017:INFO:CONSOLE:169] "[GSI_LOGGER]: Your client application uses one of the Google One Tap prompt UI status methods that may stop functioning when FedCM becomes mandatory. Refer to the migration guide to update your code accordingly and opt-in to FedCM to test your changes. Learn more: https://developers.google.com/identity/gsi/web/guides/fedcm-migration?s=dc#display_moment and https://developers.google.com/identity/gsi/web/guides/fedcm-migration?s=dc#skipped_moment", source: https://static.licdn.com/aero-v1/sc/h/29rdkxlvag0d3cpj96fiilbju (169)
[16692:17788:0901/124441.017:INFO:CONSOLE:169] "[GSI_LOGGER]: Currently, you disable FedCM on Google One Tap. FedCM for One Tap will become mandatory starting Oct 2024, and you won’t be able to disable it. Refer to the migration guide to update your code accordingly to ensure users will not be blocked from logging in. Learn more: https://developers.google.com/identity/gsi/web/guides/fedcm-migration", source: https://static.licdn.com/aero-v1/sc/h/29rdkxlvag0d3cpj96fiilbju (169)
[5392:11180:0901/124441.072:WARNING:net\dns\host_resolver_dns_task.cc:938] Address list empty after RFC3484 sort
[5392:11180:0901/124441.125:WARNING:net\dns\host_resolver_dns_task.cc:938] Address list empty after RFC3484 sort
[16692:17788:0901/124441.152:WARNING:chrome\browser\media\prefs\capture_device_ranking.h:255] Can't initialize the value of media.audio_input.user_preference_ranking because media.default_audio_capture_device isn't registered or is empty
[16692:17788:0901/124441.152:WARNING:chrome\browser\media\prefs\capture_device_ranking.h:255] Can't initialize the value of media.video_input.user_preference_ranking because media.default_video_capture_Device isn't registered or is empty
[16692:17788:0901/124441.152:WARNING:chrome\browser\media\prefs\capture_device_ranking.h:255] Can't initialize the value of media.audio_input.user_preference_ranking because media.default_audio_capture_device isn't registered or is empty
[16692:17788:0901/124441.152:WARNING:chrome\browser\media\prefs\capture_device_ranking.h:255] Can't initialize the value of media.video_input.user_preference_ranking because media.default_video_capture_Device isn't registered or is empty
[5392:11180:0901/124441.169:ERROR:services\network\p2p\socket_manager.cc:137] Failed to resolve address for stun.l.google.com., errorcode: -105
[5392:11180:0901/124441.169:ERROR:services\network\p2p\socket_manager.cc:137] Failed to resolve address for stun.l.google.com., errorcode: -105
[9152:20116:0901/124441.169:WARNING:third_party\webrtc\p2p\base\stun_port.cc:456] Port[2409000:0:1:0:host:Net[any:0:0:0:x:x:x:x:x/0:Wildcard:id=0]]: StunPort: stun host lookup received error -1
[9152:20116:0901/124441.170:WARNING:third_party\webrtc\p2p\base\stun_port.cc:456] Port[2406d00:0:1:0:host:Net[any:0:0:0:x:x:x:x:x/0:Wildcard:id=0]]: StunPort: stun host lookup received error -1
[16692:17788:0901/124441.299:INFO:CONSOLE:8] "visitor.publishDestinations() result: The destination publishing iframe is already attached and loaded.", source: https://platform.linkedin.com/litms/utag/homepage-guest-frontend/utag.js?cb=1756710600000 (8)
[16692:17788:0901/124441.697:INFO:CONSOLE:2] "Error", source: https://client.protechts.net/PXdOjV695v/main.min.js (2)
[16692:17788:0901/124444.865:INFO:CONSOLE:57] "<link rel=preload> must have a valid `as` value", source: https://www.linkedin.com/login (57)
[16692:17788:0901/124444.865:INFO:CONSOLE:60] "<link rel=preload> must have a valid `as` value", source: https://www.linkedin.com/login (60)
[16692:17788:0901/124444.865:INFO:CONSOLE:61] "<link rel=preload> must have a valid `as` value", source: https://www.linkedin.com/login (61)
[9152:13460:0901/124445.290:INFO:third_party\blink\renderer\modules\peerconnection\peer_connection_dependency_factory.cc:802] Running WebRTC with a combined Network and Worker thread.
[16692:17788:0901/124445.295:WARNING:chrome\browser\media\prefs\capture_device_ranking.h:255] Can't initialize the value of media.audio_input.user_preference_ranking because media.default_audio_capture_device isn't registered or is empty
[16692:17788:0901/124445.295:WARNING:chrome\browser\media\prefs\capture_device_ranking.h:255] Can't initialize the value of media.video_input.user_preference_ranking because media.default_video_capture_Device isn't registered or is empty
[5392:11180:0901/124445.371:WARNING:net\dns\host_resolver_dns_task.cc:938] Address list empty after RFC3484 sort
[5392:11180:0901/124445.394:WARNING:net\dns\host_resolver_dns_task.cc:938] Address list empty after RFC3484 sort
[5392:11180:0901/124445.394:ERROR:services\network\p2p\socket_manager.cc:137] Failed to resolve address for stun.l.google.com., errorcode: -105
[9152:20116:0901/124445.394:WARNING:third_party\webrtc\p2p\base\stun_port.cc:456] Port[2407200:0:1:0:host:Net[any:0:0:0:x:x:x:x:x/0:Wildcard:id=0]]: StunPort: stun host lookup received error -1
[16692:17788:0901/124445.443:INFO:CONSOLE:2] "Error", source: https://client.protechts.net/PXdOjV695v/main.min.js (2)
[22196:19704:0901/124446.794:INFO:third_party\blink\renderer\modules\peerconnection\peer_connection_dependency_factory.cc:802] Running WebRTC with a combined Network and Worker thread.
[16692:17788:0901/124447.366:INFO:CONSOLE:66] "<link rel=preload> must have a valid `as` value", source: https://www.linkedin.com/checkpoint/lg/floe-profile (66)
[16692:17788:0901/124447.366:INFO:CONSOLE:67] "<link rel=preload> must have a valid `as` value", source: https://www.linkedin.com/checkpoint/lg/floe-profile (67)
[16692:17788:0901/124447.366:INFO:CONSOLE:68] "<link rel=preload> must have a valid `as` value", source: https://www.linkedin.com/checkpoint/lg/floe-profile (68)
[16692:17788:0901/124447.366:INFO:CONSOLE:69] "<link rel=preload> must have a valid `as` value", source: https://www.linkedin.com/checkpoint/lg/floe-profile (69)
[16692:17788:0901/124447.366:INFO:CONSOLE:72] "<link rel=preload> must have a valid `as` value", source: https://www.linkedin.com/checkpoint/lg/floe-profile (72)
[16692:17788:0901/124447.366:INFO:CONSOLE:73] "<link rel=preload> must have a valid `as` value", source: https://www.linkedin.com/checkpoint/lg/floe-profile (73)
[16692:17788:0901/124447.450:INFO:CONSOLE:0] "[DOM] Password forms should have (optionally hidden) username fields for accessibility: (More info: https://goo.gl/9p2vKq) %o", source: https://www.linkedin.com/checkpoint/lg/floe-profile (0)
[9152:13460:0901/124447.451:INFO:third_party\blink\renderer\modules\peerconnection\peer_connection_dependency_factory.cc:802] Running WebRTC with a combined Network and Worker thread.
[16692:17788:0901/124447.456:WARNING:chrome\browser\media\prefs\capture_device_ranking.h:255] Can't initialize the value of media.audio_input.user_preference_ranking because media.default_audio_capture_device isn't registered or is empty
[16692:17788:0901/124447.456:WARNING:chrome\browser\media\prefs\capture_device_ranking.h:255] Can't initialize the value of media.video_input.user_preference_ranking because media.default_video_capture_Device isn't registered or is empty
[16692:17788:0901/124447.542:WARNING:chrome\browser\media\prefs\capture_device_ranking.h:255] Can't initialize the value of media.audio_input.user_preference_ranking because media.default_audio_capture_device isn't registered or is empty
[16692:17788:0901/124447.542:WARNING:chrome\browser\media\prefs\capture_device_ranking.h:255] Can't initialize the value of media.video_input.user_preference_ranking because media.default_video_capture_Device isn't registered or is empty
[16692:17788:0901/124447.621:WARNING:chrome\browser\media\prefs\capture_device_ranking.h:255] Can't initialize the value of media.audio_input.user_preference_ranking because media.default_audio_capture_device isn't registered or is empty
[16692:17788:0901/124447.621:WARNING:chrome\browser\media\prefs\capture_device_ranking.h:255] Can't initialize the value of media.video_input.user_preference_ranking because media.default_video_capture_Device isn't registered or is empty
[5392:11180:0901/124447.658:WARNING:net\spdy\spdy_session.cc:3054] Received HEADERS for invalid stream 3
[16692:17788:0901/124447.686:WARNING:chrome\browser\media\prefs\capture_device_ranking.h:255] Can't initialize the value of media.audio_input.user_preference_ranking because media.default_audio_capture_device isn't registered or is empty
[16692:17788:0901/124447.686:WARNING:chrome\browser\media\prefs\capture_device_ranking.h:255] Can't initialize the value of media.video_input.user_preference_ranking because media.default_video_capture_Device isn't registered or is empty
[16692:17788:0901/124447.787:WARNING:chrome\browser\media\prefs\capture_device_ranking.h:255] Can't initialize the value of media.audio_input.user_preference_ranking because media.default_audio_capture_device isn't registered or is empty
[16692:17788:0901/124447.787:WARNING:chrome\browser\media\prefs\capture_device_ranking.h:255] Can't initialize the value of media.video_input.user_preference_ranking because media.default_video_capture_Device isn't registered or is empty
[5392:11180:0901/124447.831:WARNING:net\dns\host_resolver_dns_task.cc:938] Address list empty after RFC3484 sort
[5392:11180:0901/124447.860:WARNING:net\dns\host_resolver_dns_task.cc:938] Address list empty after RFC3484 sort
[5392:11180:0901/124447.860:ERROR:services\network\p2p\socket_manager.cc:137] Failed to resolve address for stun.l.google.com., errorcode: -105
[5392:11180:0901/124447.860:ERROR:services\network\p2p\socket_manager.cc:137] Failed to resolve address for stun.l.google.com., errorcode: -105
[5392:11180:0901/124447.860:ERROR:services\network\p2p\socket_manager.cc:137] Failed to resolve address for stun.l.google.com., errorcode: -105
[5392:11180:0901/124447.860:ERROR:services\network\p2p\socket_manager.cc:137] Failed to resolve address for stun.l.google.com., errorcode: -105
[5392:11180:0901/124447.860:ERROR:services\network\p2p\socket_manager.cc:137] Failed to resolve address for stun.l.google.com., errorcode: -105
[16692:17788:0901/124447.860:INFO:CONSOLE:169] "[GSI_LOGGER]: Your client application may not display the Google One Tap in its default position. When FedCM becomes mandatory, One Tap only displays in the default position. Refer to the migration guide to update your code accordingly and opt-in to FedCM to test your changes. Learn more: https://developers.google.com/identity/gsi/web/guides/fedcm-migration?s=dc#layout", source: https://static.licdn.com/sc/h/aofke6z5sqc44bjlvj6yr05c8 (169)
[16692:17788:0901/124447.860:INFO:CONSOLE:169] "[GSI_LOGGER]: Your client application uses one of the Google One Tap prompt UI status methods that may stop functioning when FedCM becomes mandatory. Refer to the migration guide to update your code accordingly and opt-in to FedCM to test your changes. Learn more: https://developers.google.com/identity/gsi/web/guides/fedcm-migration?s=dc#display_moment and https://developers.google.com/identity/gsi/web/guides/fedcm-migration?s=dc#skipped_moment", source: https://static.licdn.com/sc/h/aofke6z5sqc44bjlvj6yr05c8 (169)
[16692:17788:0901/124447.860:INFO:CONSOLE:169] "[GSI_LOGGER]: Currently, you disable FedCM on Google One Tap. FedCM for One Tap will become mandatory starting Oct 2024, and you won’t be able to disable it. Refer to the migration guide to update your code accordingly to ensure users will not be blocked from logging in. Learn more: https://developers.google.com/identity/gsi/web/guides/fedcm-migration", source: https://static.licdn.com/sc/h/aofke6z5sqc44bjlvj6yr05c8 (169)
[9152:20116:0901/124447.860:WARNING:third_party\webrtc\p2p\base\stun_port.cc:456] Port[2406d00:0:1:0:host:Net[any:0:0:0:x:x:x:x:x/0:Wildcard:id=0]]: StunPort: stun host lookup received error -1
[9152:20116:0901/124447.860:WARNING:third_party\webrtc\p2p\base\stun_port.cc:456] Port[2409500:0:1:0:host:Net[any:0:0:0:x:x:x:x:x/0:Wildcard:id=0]]: StunPort: stun host lookup received error -1
[9152:20116:0901/124447.860:WARNING:third_party\webrtc\p2p\base\stun_port.cc:456] Port[16cd00:0:1:0:host:Net[any:0:0:0:x:x:x:x:x/0:Wildcard:id=0]]: StunPort: stun host lookup received error -1
[9152:20116:0901/124447.860:WARNING:third_party\webrtc\p2p\base\stun_port.cc:456] Port[165f00:0:1:0:host:Net[any:0:0:0:x:x:x:x:x/0:Wildcard:id=0]]: StunPort: stun host lookup received error -1
[9152:20116:0901/124447.860:WARNING:third_party\webrtc\p2p\base\stun_port.cc:456] Port[16eb00:0:1:0:host:Net[any:0:0:0:x:x:x:x:x/0:Wildcard:id=0]]: StunPort: stun host lookup received error -1
[9152:20116:0901/124447.860:WARNING:third_party\webrtc\media\engine\webrtc_voice_engine.cc:805] Attempting to stop aecdump when no audio processing module is present
[16692:17788:0901/124448.034:INFO:CONSOLE:2] "Error", source: https://client.protechts.net/PXdOjV695v/main.min.js (2)
[16692:17788:0901/124448.984:INFO:CONSOLE:8] "visitor.publishDestinations() result: Attempted to attach and load the destination publishing iframe through this API call. Result: The destination publishing iframe was attached and loaded successfully.", source: https://platform.linkedin.com/litms/utag/checkpoint-frontend/utag.js?cb=1756710600000 (8)
[14436:21908:0901/124449.394:INFO:third_party\blink\renderer\modules\peerconnection\peer_connection_dependency_factory.cc:802] Running WebRTC with a combined Network and Worker thread.
[9152:20116:0901/124453.744:WARNING:third_party\webrtc\media\engine\webrtc_voice_engine.cc:805] Attempting to stop aecdump when no audio processing module is present
[9152:20116:0901/124457.829:ERROR:third_party\webrtc\p2p\base\stun_port.cc:613] UDP send of 20 bytes to host stun.l.google.com:19302 (74.125.250.x:19302) failed with error 0: [0x00002745]
[9152:20116:0901/124457.829:ERROR:third_party\webrtc\p2p\base\stun_port.cc:613] UDP send of 20 bytes to host stun.l.google.com:19302 (74.125.250.x:19302) failed with error 0: [0x00002745]
[9152:20116:0901/124457.829:ERROR:third_party\webrtc\p2p\base\stun_port.cc:613] UDP send of 20 bytes to host stun.l.google.com:19302 (74.125.250.x:19302) failed with error 0: [0x00002745]
[9152:20116:0901/124457.844:ERROR:third_party\webrtc\p2p\base\stun_port.cc:613] UDP send of 20 bytes to host stun.l.google.com:19302 (74.125.250.x:19302) failed with error 0: [0x00002745]
[9152:20116:0901/124457.844:ERROR:third_party\webrtc\p2p\base\stun_port.cc:613] UDP send of 20 bytes to host stun.l.google.com:19302 (74.125.250.x:19302) failed with error 0: [0x00002745]
[9152:20116:0901/124458.093:ERROR:third_party\webrtc\p2p\base\stun_port.cc:613] UDP send of 20 bytes to host stun.l.google.com:19302 (74.125.250.x:19302) failed with error 0: [0x00002745]
[9152:20116:0901/124458.093:ERROR:third_party\webrtc\p2p\base\stun_port.cc:613] UDP send of 20 bytes to host stun.l.google.com:19302 (74.125.250.x:19302) failed with error 0: [0x00002745]
[9152:20116:0901/124458.093:ERROR:third_party\webrtc\p2p\base\stun_port.cc:613] UDP send of 20 bytes to host stun.l.google.com:19302 (74.125.250.x:19302) failed with error 0: [0x00002745]
[9152:20116:0901/124458.124:ERROR:third_party\webrtc\p2p\base\stun_port.cc:613] UDP send of 20 bytes to host stun.l.google.com:19302 (74.125.250.x:19302) failed with error 0: [0x00002745]
[9152:20116:0901/124458.124:ERROR:third_party\webrtc\p2p\base\stun_port.cc:613] UDP send of 20 bytes to host stun.l.google.com:19302 (74.125.250.x:19302) failed with error 0: [0x00002745]
[9152:20116:0901/124458.609:ERROR:third_party\webrtc\p2p\base\stun_port.cc:613] UDP send of 20 bytes to host stun.l.google.com:19302 (74.125.250.x:19302) failed with error 0: [0x00002745]
[9152:20116:0901/124458.609:ERROR:third_party\webrtc\p2p\base\stun_port.cc:613] UDP send of 20 bytes to host stun.l.google.com:19302 (74.125.250.x:19302) failed with error 0: [0x00002745]
[9152:20116:0901/124458.609:ERROR:third_party\webrtc\p2p\base\stun_port.cc:613] UDP send of 20 bytes to host stun.l.google.com:19302 (74.125.250.x:19302) failed with error 0: [0x00002745]
[9152:20116:0901/124458.644:ERROR:third_party\webrtc\p2p\base\stun_port.cc:613] UDP send of 20 bytes to host stun.l.google.com:19302 (74.125.250.x:19302) failed with error 0: [0x00002745]
[9152:20116:0901/124458.644:ERROR:third_party\webrtc\p2p\base\stun_port.cc:613] UDP send of 20 bytes to host stun.l.google.com:19302 (74.125.250.x:19302) failed with error 0: [0x00002745]
[9152:20116:0901/124459.626:ERROR:third_party\webrtc\p2p\base\stun_port.cc:613] UDP send of 20 bytes to host stun.l.google.com:19302 (74.125.250.x:19302) failed with error 0: [0x00002745]
[9152:20116:0901/124459.626:ERROR:third_party\webrtc\p2p\base\stun_port.cc:613] UDP send of 20 bytes to host stun.l.google.com:19302 (74.125.250.x:19302) failed with error 0: [0x00002745]
[9152:20116:0901/124459.626:ERROR:third_party\webrtc\p2p\base\stun_port.cc:613] UDP send of 20 bytes to host stun.l.google.com:19302 (74.125.250.x:19302) failed with error 0: [0x00002745]
[9152:20116:0901/124459.656:ERROR:third_party\webrtc\p2p\base\stun_port.cc:613] UDP send of 20 bytes to host stun.l.google.com:19302 (74.125.250.x:19302) failed with error 0: [0x00002745]
[9152:20116:0901/124459.656:ERROR:third_party\webrtc\p2p\base\stun_port.cc:613] UDP send of 20 bytes to host stun.l.google.com:19302 (74.125.250.x:19302) failed with error 0: [0x00002745]
[9152:20116:0901/124501.642:ERROR:third_party\webrtc\p2p\base\stun_port.cc:613] UDP send of 20 bytes to host stun.l.google.com:19302 (74.125.250.x:19302) failed with error 0: [0x00002745]
[9152:20116:0901/124501.642:ERROR:third_party\webrtc\p2p\base\stun_port.cc:613] UDP send of 20 bytes to host stun.l.google.com:19302 (74.125.250.x:19302) failed with error 0: [0x00002745]
[9152:20116:0901/124501.643:ERROR:third_party\webrtc\p2p\base\stun_port.cc:613] UDP send of 20 bytes to host stun.l.google.com:19302 (74.125.250.x:19302) failed with error 0: [0x00002745]
[9152:20116:0901/124501.680:ERROR:third_party\webrtc\p2p\base\stun_port.cc:613] UDP send of 20 bytes to host stun.l.google.com:19302 (74.125.250.x:19302) failed with error 0: [0x00002745]
[9152:20116:0901/124501.680:ERROR:third_party\webrtc\p2p\base\stun_port.cc:613] UDP send of 20 bytes to host stun.l.google.com:19302 (74.125.250.x:19302) failed with error 0: [0x00002745]
[9152:20116:0901/124505.658:ERROR:third_party\webrtc\p2p\base\stun_port.cc:613] UDP send of 20 bytes to host stun.l.google.com:19302 (74.125.250.x:19302) failed with error 0: [0x00002745]
[9152:20116:0901/124505.658:ERROR:third_party\webrtc\p2p\base\stun_port.cc:613] UDP send of 20 bytes to host stun.l.google.com:19302 (74.125.250.x:19302) failed with error 0: [0x00002745]
[9152:20116:0901/124505.658:ERROR:third_party\webrtc\p2p\base\stun_port.cc:613] UDP send of 20 bytes to host stun.l.google.com:19302 (74.125.250.x:19302) failed with error 0: [0x00002745]
[9152:20116:0901/124505.702:ERROR:third_party\webrtc\p2p\base\stun_port.cc:613] UDP send of 20 bytes to host stun.l.google.com:19302 (74.125.250.x:19302) failed with error 0: [0x00002745]
[9152:20116:0901/124505.702:ERROR:third_party\webrtc\p2p\base\stun_port.cc:613] UDP send of 20 bytes to host stun.l.google.com:19302 (74.125.250.x:19302) failed with error 0: [0x00002745]
